  enterStatsByPlayer.cpp
  Source.cpp
C:\Users\d4f474\Desktop\Домашни ТУ Варна\2ро домашно\Simulator\Simulator\Source.cpp(278,12): warning C4244: 'argument': conversion from 'time_t' to 'unsigned int', possible loss of data
C:\Users\d4f474\Desktop\Домашни ТУ Варна\2ро домашно\Simulator\Simulator\Source.cpp(348,35): warning C4101: 'e': unreferenced local variable
C:\Users\d4f474\Desktop\Домашни ТУ Варна\2ро домашно\Simulator\Simulator\Source.cpp(351,31): warning C4101: 'e': unreferenced local variable
C:\Users\d4f474\Desktop\Домашни ТУ Варна\2ро домашно\Simulator\Simulator\Source.cpp(359,35): warning C4101: 'e': unreferenced local variable
C:\Users\d4f474\Desktop\Домашни ТУ Варна\2ро домашно\Simulator\Simulator\Source.cpp(362,31): warning C4101: 'e': unreferenced local variable
C:\Users\d4f474\Desktop\Домашни ТУ Варна\2ро домашно\Simulator\Simulator\Source.cpp(370,35): warning C4101: 'e': unreferenced local variable
C:\Users\d4f474\Desktop\Домашни ТУ Варна\2ро домашно\Simulator\Simulator\Source.cpp(373,31): warning C4101: 'e': unreferenced local variable
C:\Users\d4f474\Desktop\Домашни ТУ Варна\2ро домашно\Simulator\Simulator\Source.cpp(381,35): warning C4101: 'e': unreferenced local variable
C:\Users\d4f474\Desktop\Домашни ТУ Варна\2ро домашно\Simulator\Simulator\Source.cpp(384,31): warning C4101: 'e': unreferenced local variable
C:\Users\d4f474\Desktop\Домашни ТУ Варна\2ро домашно\Simulator\Simulator\Source.cpp(392,35): warning C4101: 'e': unreferenced local variable
C:\Users\d4f474\Desktop\Домашни ТУ Варна\2ро домашно\Simulator\Simulator\Source.cpp(395,31): warning C4101: 'e': unreferenced local variable
C:\Users\d4f474\Desktop\Домашни ТУ Варна\2ро домашно\Simulator\Simulator\Source.cpp(403,35): warning C4101: 'e': unreferenced local variable
C:\Users\d4f474\Desktop\Домашни ТУ Варна\2ро домашно\Simulator\Simulator\Source.cpp(406,31): warning C4101: 'e': unreferenced local variable
C:\Users\d4f474\Desktop\Домашни ТУ Варна\2ро домашно\Simulator\Simulator\Source.cpp(414,35): warning C4101: 'e': unreferenced local variable
C:\Users\d4f474\Desktop\Домашни ТУ Варна\2ро домашно\Simulator\Simulator\Source.cpp(417,31): warning C4101: 'e': unreferenced local variable
C:\Users\d4f474\Desktop\Домашни ТУ Варна\2ро домашно\Simulator\Simulator\Source.cpp(425,35): warning C4101: 'e': unreferenced local variable
C:\Users\d4f474\Desktop\Домашни ТУ Варна\2ро домашно\Simulator\Simulator\Source.cpp(428,31): warning C4101: 'e': unreferenced local variable
C:\Users\d4f474\Desktop\Домашни ТУ Варна\2ро домашно\Simulator\Simulator\Source.cpp(436,35): warning C4101: 'e': unreferenced local variable
C:\Users\d4f474\Desktop\Домашни ТУ Варна\2ро домашно\Simulator\Simulator\Source.cpp(439,31): warning C4101: 'e': unreferenced local variable
C:\Users\d4f474\Desktop\Домашни ТУ Варна\2ро домашно\Simulator\Simulator\Source.cpp(447,35): warning C4101: 'e': unreferenced local variable
C:\Users\d4f474\Desktop\Домашни ТУ Варна\2ро домашно\Simulator\Simulator\Source.cpp(450,31): warning C4101: 'e': unreferenced local variable
C:\Users\d4f474\Desktop\Домашни ТУ Варна\2ро домашно\Simulator\Simulator\Source.cpp(458,35): warning C4101: 'e': unreferenced local variable
C:\Users\d4f474\Desktop\Домашни ТУ Варна\2ро домашно\Simulator\Simulator\Source.cpp(461,31): warning C4101: 'e': unreferenced local variable
C:\Users\d4f474\Desktop\Домашни ТУ Варна\2ро домашно\Simulator\Simulator\Source.cpp(469,35): warning C4101: 'e': unreferenced local variable
C:\Users\d4f474\Desktop\Домашни ТУ Варна\2ро домашно\Simulator\Simulator\Source.cpp(472,31): warning C4101: 'e': unreferenced local variable
C:\Users\d4f474\Desktop\Домашни ТУ Варна\2ро домашно\Simulator\Simulator\Source.cpp(480,35): warning C4101: 'e': unreferenced local variable
C:\Users\d4f474\Desktop\Домашни ТУ Варна\2ро домашно\Simulator\Simulator\Source.cpp(483,31): warning C4101: 'e': unreferenced local variable
C:\Users\d4f474\Desktop\Домашни ТУ Варна\2ро домашно\Simulator\Simulator\Source.cpp(495,35): warning C4101: 'e': unreferenced local variable
C:\Users\d4f474\Desktop\Домашни ТУ Варна\2ро домашно\Simulator\Simulator\Source.cpp(499,31): warning C4101: 'e': unreferenced local variable
C:\Users\d4f474\Desktop\Домашни ТУ Варна\2ро домашно\Simulator\Simulator\Source.cpp(507,35): warning C4101: 'e': unreferenced local variable
C:\Users\d4f474\Desktop\Домашни ТУ Варна\2ро домашно\Simulator\Simulator\Source.cpp(510,31): warning C4101: 'e': unreferenced local variable
C:\Users\d4f474\Desktop\Домашни ТУ Варна\2ро домашно\Simulator\Simulator\Source.cpp(518,35): warning C4101: 'e': unreferenced local variable
C:\Users\d4f474\Desktop\Домашни ТУ Варна\2ро домашно\Simulator\Simulator\Source.cpp(521,31): warning C4101: 'e': unreferenced local variable
C:\Users\d4f474\Desktop\Домашни ТУ Варна\2ро домашно\Simulator\Simulator\Source.cpp(529,35): warning C4101: 'e': unreferenced local variable
C:\Users\d4f474\Desktop\Домашни ТУ Варна\2ро домашно\Simulator\Simulator\Source.cpp(532,31): warning C4101: 'e': unreferenced local variable
C:\Users\d4f474\Desktop\Домашни ТУ Варна\2ро домашно\Simulator\Simulator\Source.cpp(540,35): warning C4101: 'e': unreferenced local variable
C:\Users\d4f474\Desktop\Домашни ТУ Варна\2ро домашно\Simulator\Simulator\Source.cpp(543,31): warning C4101: 'e': unreferenced local variable
C:\Users\d4f474\Desktop\Домашни ТУ Варна\2ро домашно\Simulator\Simulator\Source.cpp(551,35): warning C4101: 'e': unreferenced local variable
C:\Users\d4f474\Desktop\Домашни ТУ Варна\2ро домашно\Simulator\Simulator\Source.cpp(554,31): warning C4101: 'e': unreferenced local variable
C:\Users\d4f474\Desktop\Домашни ТУ Варна\2ро домашно\Simulator\Simulator\Source.cpp(562,35): warning C4101: 'e': unreferenced local variable
C:\Users\d4f474\Desktop\Домашни ТУ Варна\2ро домашно\Simulator\Simulator\Source.cpp(565,31): warning C4101: 'e': unreferenced local variable
C:\Users\d4f474\Desktop\Домашни ТУ Варна\2ро домашно\Simulator\Simulator\Source.cpp(573,35): warning C4101: 'e': unreferenced local variable
C:\Users\d4f474\Desktop\Домашни ТУ Варна\2ро домашно\Simulator\Simulator\Source.cpp(576,31): warning C4101: 'e': unreferenced local variable
C:\Users\d4f474\Desktop\Домашни ТУ Варна\2ро домашно\Simulator\Simulator\Source.cpp(584,35): warning C4101: 'e': unreferenced local variable
C:\Users\d4f474\Desktop\Домашни ТУ Варна\2ро домашно\Simulator\Simulator\Source.cpp(587,31): warning C4101: 'e': unreferenced local variable
C:\Users\d4f474\Desktop\Домашни ТУ Варна\2ро домашно\Simulator\Simulator\Source.cpp(595,35): warning C4101: 'e': unreferenced local variable
C:\Users\d4f474\Desktop\Домашни ТУ Варна\2ро домашно\Simulator\Simulator\Source.cpp(598,31): warning C4101: 'e': unreferenced local variable
C:\Users\d4f474\Desktop\Домашни ТУ Варна\2ро домашно\Simulator\Simulator\Source.cpp(606,35): warning C4101: 'e': unreferenced local variable
C:\Users\d4f474\Desktop\Домашни ТУ Варна\2ро домашно\Simulator\Simulator\Source.cpp(609,31): warning C4101: 'e': unreferenced local variable
C:\Users\d4f474\Desktop\Домашни ТУ Варна\2ро домашно\Simulator\Simulator\Source.cpp(617,35): warning C4101: 'e': unreferenced local variable
C:\Users\d4f474\Desktop\Домашни ТУ Варна\2ро домашно\Simulator\Simulator\Source.cpp(620,31): warning C4101: 'e': unreferenced local variable
C:\Users\d4f474\Desktop\Домашни ТУ Варна\2ро домашно\Simulator\Simulator\Source.cpp(628,35): warning C4101: 'e': unreferenced local variable
C:\Users\d4f474\Desktop\Домашни ТУ Варна\2ро домашно\Simulator\Simulator\Source.cpp(631,31): warning C4101: 'e': unreferenced local variable
C:\Users\d4f474\Desktop\Домашни ТУ Варна\2ро домашно\Simulator\Simulator\Source.cpp(643,35): warning C4101: 'e': unreferenced local variable
C:\Users\d4f474\Desktop\Домашни ТУ Варна\2ро домашно\Simulator\Simulator\Source.cpp(648,31): warning C4101: 'e': unreferenced local variable
C:\Users\d4f474\Desktop\Домашни ТУ Варна\2ро домашно\Simulator\Simulator\Source.cpp(656,35): warning C4101: 'e': unreferenced local variable
C:\Users\d4f474\Desktop\Домашни ТУ Варна\2ро домашно\Simulator\Simulator\Source.cpp(659,31): warning C4101: 'e': unreferenced local variable
C:\Users\d4f474\Desktop\Домашни ТУ Варна\2ро домашно\Simulator\Simulator\Source.cpp(667,35): warning C4101: 'e': unreferenced local variable
C:\Users\d4f474\Desktop\Домашни ТУ Варна\2ро домашно\Simulator\Simulator\Source.cpp(670,31): warning C4101: 'e': unreferenced local variable
C:\Users\d4f474\Desktop\Домашни ТУ Варна\2ро домашно\Simulator\Simulator\Source.cpp(678,35): warning C4101: 'e': unreferenced local variable
C:\Users\d4f474\Desktop\Домашни ТУ Варна\2ро домашно\Simulator\Simulator\Source.cpp(681,31): warning C4101: 'e': unreferenced local variable
C:\Users\d4f474\Desktop\Домашни ТУ Варна\2ро домашно\Simulator\Simulator\Source.cpp(689,35): warning C4101: 'e': unreferenced local variable
C:\Users\d4f474\Desktop\Домашни ТУ Варна\2ро домашно\Simulator\Simulator\Source.cpp(692,31): warning C4101: 'e': unreferenced local variable
C:\Users\d4f474\Desktop\Домашни ТУ Варна\2ро домашно\Simulator\Simulator\Source.cpp(700,35): warning C4101: 'e': unreferenced local variable
C:\Users\d4f474\Desktop\Домашни ТУ Варна\2ро домашно\Simulator\Simulator\Source.cpp(703,31): warning C4101: 'e': unreferenced local variable
C:\Users\d4f474\Desktop\Домашни ТУ Варна\2ро домашно\Simulator\Simulator\Source.cpp(711,35): warning C4101: 'e': unreferenced local variable
C:\Users\d4f474\Desktop\Домашни ТУ Варна\2ро домашно\Simulator\Simulator\Source.cpp(714,31): warning C4101: 'e': unreferenced local variable
C:\Users\d4f474\Desktop\Домашни ТУ Варна\2ро домашно\Simulator\Simulator\Source.cpp(722,35): warning C4101: 'e': unreferenced local variable
C:\Users\d4f474\Desktop\Домашни ТУ Варна\2ро домашно\Simulator\Simulator\Source.cpp(725,31): warning C4101: 'e': unreferenced local variable
C:\Users\d4f474\Desktop\Домашни ТУ Варна\2ро домашно\Simulator\Simulator\Source.cpp(733,35): warning C4101: 'e': unreferenced local variable
C:\Users\d4f474\Desktop\Домашни ТУ Варна\2ро домашно\Simulator\Simulator\Source.cpp(736,31): warning C4101: 'e': unreferenced local variable
C:\Users\d4f474\Desktop\Домашни ТУ Варна\2ро домашно\Simulator\Simulator\Source.cpp(744,35): warning C4101: 'e': unreferenced local variable
C:\Users\d4f474\Desktop\Домашни ТУ Варна\2ро домашно\Simulator\Simulator\Source.cpp(747,31): warning C4101: 'e': unreferenced local variable
C:\Users\d4f474\Desktop\Домашни ТУ Варна\2ро домашно\Simulator\Simulator\Source.cpp(755,35): warning C4101: 'e': unreferenced local variable
C:\Users\d4f474\Desktop\Домашни ТУ Варна\2ро домашно\Simulator\Simulator\Source.cpp(758,31): warning C4101: 'e': unreferenced local variable
C:\Users\d4f474\Desktop\Домашни ТУ Варна\2ро домашно\Simulator\Simulator\Source.cpp(766,35): warning C4101: 'e': unreferenced local variable
C:\Users\d4f474\Desktop\Домашни ТУ Варна\2ро домашно\Simulator\Simulator\Source.cpp(769,31): warning C4101: 'e': unreferenced local variable
C:\Users\d4f474\Desktop\Домашни ТУ Варна\2ро домашно\Simulator\Simulator\Source.cpp(777,35): warning C4101: 'e': unreferenced local variable
C:\Users\d4f474\Desktop\Домашни ТУ Варна\2ро домашно\Simulator\Simulator\Source.cpp(780,31): warning C4101: 'e': unreferenced local variable
C:\Users\d4f474\Desktop\Домашни ТУ Варна\2ро домашно\Simulator\Simulator\Source.cpp(792,35): warning C4101: 'e': unreferenced local variable
C:\Users\d4f474\Desktop\Домашни ТУ Варна\2ро домашно\Simulator\Simulator\Source.cpp(796,31): warning C4101: 'e': unreferenced local variable
C:\Users\d4f474\Desktop\Домашни ТУ Варна\2ро домашно\Simulator\Simulator\Source.cpp(804,35): warning C4101: 'e': unreferenced local variable
C:\Users\d4f474\Desktop\Домашни ТУ Варна\2ро домашно\Simulator\Simulator\Source.cpp(807,31): warning C4101: 'e': unreferenced local variable
C:\Users\d4f474\Desktop\Домашни ТУ Варна\2ро домашно\Simulator\Simulator\Source.cpp(815,35): warning C4101: 'e': unreferenced local variable
C:\Users\d4f474\Desktop\Домашни ТУ Варна\2ро домашно\Simulator\Simulator\Source.cpp(818,31): warning C4101: 'e': unreferenced local variable
C:\Users\d4f474\Desktop\Домашни ТУ Варна\2ро домашно\Simulator\Simulator\Source.cpp(826,35): warning C4101: 'e': unreferenced local variable
C:\Users\d4f474\Desktop\Домашни ТУ Варна\2ро домашно\Simulator\Simulator\Source.cpp(829,31): warning C4101: 'e': unreferenced local variable
C:\Users\d4f474\Desktop\Домашни ТУ Варна\2ро домашно\Simulator\Simulator\Source.cpp(837,35): warning C4101: 'e': unreferenced local variable
C:\Users\d4f474\Desktop\Домашни ТУ Варна\2ро домашно\Simulator\Simulator\Source.cpp(840,31): warning C4101: 'e': unreferenced local variable
C:\Users\d4f474\Desktop\Домашни ТУ Варна\2ро домашно\Simulator\Simulator\Source.cpp(848,35): warning C4101: 'e': unreferenced local variable
C:\Users\d4f474\Desktop\Домашни ТУ Варна\2ро домашно\Simulator\Simulator\Source.cpp(851,31): warning C4101: 'e': unreferenced local variable
C:\Users\d4f474\Desktop\Домашни ТУ Варна\2ро домашно\Simulator\Simulator\Source.cpp(859,35): warning C4101: 'e': unreferenced local variable
C:\Users\d4f474\Desktop\Домашни ТУ Варна\2ро домашно\Simulator\Simulator\Source.cpp(862,31): warning C4101: 'e': unreferenced local variable
C:\Users\d4f474\Desktop\Домашни ТУ Варна\2ро домашно\Simulator\Simulator\Source.cpp(870,35): warning C4101: 'e': unreferenced local variable
C:\Users\d4f474\Desktop\Домашни ТУ Варна\2ро домашно\Simulator\Simulator\Source.cpp(873,31): warning C4101: 'e': unreferenced local variable
C:\Users\d4f474\Desktop\Домашни ТУ Варна\2ро домашно\Simulator\Simulator\Source.cpp(881,35): warning C4101: 'e': unreferenced local variable
C:\Users\d4f474\Desktop\Домашни ТУ Варна\2ро домашно\Simulator\Simulator\Source.cpp(884,31): warning C4101: 'e': unreferenced local variable
C:\Users\d4f474\Desktop\Домашни ТУ Варна\2ро домашно\Simulator\Simulator\Source.cpp(892,35): warning C4101: 'e': unreferenced local variable
C:\Users\d4f474\Desktop\Домашни ТУ Варна\2ро домашно\Simulator\Simulator\Source.cpp(895,31): warning C4101: 'e': unreferenced local variable
C:\Users\d4f474\Desktop\Домашни ТУ Варна\2ро домашно\Simulator\Simulator\Source.cpp(903,35): warning C4101: 'e': unreferenced local variable
C:\Users\d4f474\Desktop\Домашни ТУ Варна\2ро домашно\Simulator\Simulator\Source.cpp(906,31): warning C4101: 'e': unreferenced local variable
C:\Users\d4f474\Desktop\Домашни ТУ Варна\2ро домашно\Simulator\Simulator\Source.cpp(914,35): warning C4101: 'e': unreferenced local variable
C:\Users\d4f474\Desktop\Домашни ТУ Варна\2ро домашно\Simulator\Simulator\Source.cpp(917,31): warning C4101: 'e': unreferenced local variable
C:\Users\d4f474\Desktop\Домашни ТУ Варна\2ро домашно\Simulator\Simulator\Source.cpp(925,35): warning C4101: 'e': unreferenced local variable
C:\Users\d4f474\Desktop\Домашни ТУ Варна\2ро домашно\Simulator\Simulator\Source.cpp(928,31): warning C4101: 'e': unreferenced local variable
C:\Users\d4f474\Desktop\Домашни ТУ Варна\2ро домашно\Simulator\Simulator\Source.cpp(940,35): warning C4101: 'e': unreferenced local variable
C:\Users\d4f474\Desktop\Домашни ТУ Варна\2ро домашно\Simulator\Simulator\Source.cpp(944,31): warning C4101: 'e': unreferenced local variable
C:\Users\d4f474\Desktop\Домашни ТУ Варна\2ро домашно\Simulator\Simulator\Source.cpp(952,35): warning C4101: 'e': unreferenced local variable
C:\Users\d4f474\Desktop\Домашни ТУ Варна\2ро домашно\Simulator\Simulator\Source.cpp(955,31): warning C4101: 'e': unreferenced local variable
C:\Users\d4f474\Desktop\Домашни ТУ Варна\2ро домашно\Simulator\Simulator\Source.cpp(963,35): warning C4101: 'e': unreferenced local variable
C:\Users\d4f474\Desktop\Домашни ТУ Варна\2ро домашно\Simulator\Simulator\Source.cpp(966,31): warning C4101: 'e': unreferenced local variable
C:\Users\d4f474\Desktop\Домашни ТУ Варна\2ро домашно\Simulator\Simulator\Source.cpp(975,35): warning C4101: 'e': unreferenced local variable
C:\Users\d4f474\Desktop\Домашни ТУ Варна\2ро домашно\Simulator\Simulator\Source.cpp(978,31): warning C4101: 'e': unreferenced local variable
C:\Users\d4f474\Desktop\Домашни ТУ Варна\2ро домашно\Simulator\Simulator\Source.cpp(987,35): warning C4101: 'e': unreferenced local variable
C:\Users\d4f474\Desktop\Домашни ТУ Варна\2ро домашно\Simulator\Simulator\Source.cpp(990,31): warning C4101: 'e': unreferenced local variable
C:\Users\d4f474\Desktop\Домашни ТУ Варна\2ро домашно\Simulator\Simulator\Source.cpp(999,35): warning C4101: 'e': unreferenced local variable
C:\Users\d4f474\Desktop\Домашни ТУ Варна\2ро домашно\Simulator\Simulator\Source.cpp(1002,31): warning C4101: 'e': unreferenced local variable
C:\Users\d4f474\Desktop\Домашни ТУ Варна\2ро домашно\Simulator\Simulator\Source.cpp(1011,35): warning C4101: 'e': unreferenced local variable
C:\Users\d4f474\Desktop\Домашни ТУ Варна\2ро домашно\Simulator\Simulator\Source.cpp(1014,31): warning C4101: 'e': unreferenced local variable
C:\Users\d4f474\Desktop\Домашни ТУ Варна\2ро домашно\Simulator\Simulator\Source.cpp(1023,35): warning C4101: 'e': unreferenced local variable
C:\Users\d4f474\Desktop\Домашни ТУ Варна\2ро домашно\Simulator\Simulator\Source.cpp(1026,31): warning C4101: 'e': unreferenced local variable
C:\Users\d4f474\Desktop\Домашни ТУ Варна\2ро домашно\Simulator\Simulator\Source.cpp(1035,35): warning C4101: 'e': unreferenced local variable
C:\Users\d4f474\Desktop\Домашни ТУ Варна\2ро домашно\Simulator\Simulator\Source.cpp(1038,31): warning C4101: 'e': unreferenced local variable
C:\Users\d4f474\Desktop\Домашни ТУ Варна\2ро домашно\Simulator\Simulator\Source.cpp(1047,35): warning C4101: 'e': unreferenced local variable
C:\Users\d4f474\Desktop\Домашни ТУ Варна\2ро домашно\Simulator\Simulator\Source.cpp(1050,31): warning C4101: 'e': unreferenced local variable
C:\Users\d4f474\Desktop\Домашни ТУ Варна\2ро домашно\Simulator\Simulator\Source.cpp(1059,35): warning C4101: 'e': unreferenced local variable
C:\Users\d4f474\Desktop\Домашни ТУ Варна\2ро домашно\Simulator\Simulator\Source.cpp(1062,31): warning C4101: 'e': unreferenced local variable
C:\Users\d4f474\Desktop\Домашни ТУ Варна\2ро домашно\Simulator\Simulator\Source.cpp(1071,35): warning C4101: 'e': unreferenced local variable
C:\Users\d4f474\Desktop\Домашни ТУ Варна\2ро домашно\Simulator\Simulator\Source.cpp(1074,31): warning C4101: 'e': unreferenced local variable
C:\Users\d4f474\Desktop\Домашни ТУ Варна\2ро домашно\Simulator\Simulator\Source.cpp(1084,35): warning C4101: 'e': unreferenced local variable
C:\Users\d4f474\Desktop\Домашни ТУ Варна\2ро домашно\Simulator\Simulator\Source.cpp(1088,31): warning C4101: 'e': unreferenced local variable
C:\Users\d4f474\Desktop\Домашни ТУ Варна\2ро домашно\Simulator\Simulator\Source.cpp(1100,35): warning C4101: 'e': unreferenced local variable
C:\Users\d4f474\Desktop\Домашни ТУ Варна\2ро домашно\Simulator\Simulator\Source.cpp(1104,31): warning C4101: 'e': unreferenced local variable
C:\Users\d4f474\Desktop\Домашни ТУ Варна\2ро домашно\Simulator\Simulator\Source.cpp(1112,35): warning C4101: 'e': unreferenced local variable
C:\Users\d4f474\Desktop\Домашни ТУ Варна\2ро домашно\Simulator\Simulator\Source.cpp(1115,31): warning C4101: 'e': unreferenced local variable
C:\Users\d4f474\Desktop\Домашни ТУ Варна\2ро домашно\Simulator\Simulator\Source.cpp(1123,35): warning C4101: 'e': unreferenced local variable
C:\Users\d4f474\Desktop\Домашни ТУ Варна\2ро домашно\Simulator\Simulator\Source.cpp(1126,31): warning C4101: 'e': unreferenced local variable
C:\Users\d4f474\Desktop\Домашни ТУ Варна\2ро домашно\Simulator\Simulator\Source.cpp(1134,35): warning C4101: 'e': unreferenced local variable
C:\Users\d4f474\Desktop\Домашни ТУ Варна\2ро домашно\Simulator\Simulator\Source.cpp(1137,31): warning C4101: 'e': unreferenced local variable
C:\Users\d4f474\Desktop\Домашни ТУ Варна\2ро домашно\Simulator\Simulator\Source.cpp(1145,35): warning C4101: 'e': unreferenced local variable
C:\Users\d4f474\Desktop\Домашни ТУ Варна\2ро домашно\Simulator\Simulator\Source.cpp(1148,31): warning C4101: 'e': unreferenced local variable
C:\Users\d4f474\Desktop\Домашни ТУ Варна\2ро домашно\Simulator\Simulator\Source.cpp(1156,35): warning C4101: 'e': unreferenced local variable
C:\Users\d4f474\Desktop\Домашни ТУ Варна\2ро домашно\Simulator\Simulator\Source.cpp(1159,31): warning C4101: 'e': unreferenced local variable
C:\Users\d4f474\Desktop\Домашни ТУ Варна\2ро домашно\Simulator\Simulator\Source.cpp(1167,35): warning C4101: 'e': unreferenced local variable
C:\Users\d4f474\Desktop\Домашни ТУ Варна\2ро домашно\Simulator\Simulator\Source.cpp(1170,31): warning C4101: 'e': unreferenced local variable
C:\Users\d4f474\Desktop\Домашни ТУ Варна\2ро домашно\Simulator\Simulator\Source.cpp(1178,35): warning C4101: 'e': unreferenced local variable
C:\Users\d4f474\Desktop\Домашни ТУ Варна\2ро домашно\Simulator\Simulator\Source.cpp(1181,31): warning C4101: 'e': unreferenced local variable
C:\Users\d4f474\Desktop\Домашни ТУ Варна\2ро домашно\Simulator\Simulator\Source.cpp(1189,35): warning C4101: 'e': unreferenced local variable
C:\Users\d4f474\Desktop\Домашни ТУ Варна\2ро домашно\Simulator\Simulator\Source.cpp(1192,31): warning C4101: 'e': unreferenced local variable
C:\Users\d4f474\Desktop\Домашни ТУ Варна\2ро домашно\Simulator\Simulator\Source.cpp(1200,35): warning C4101: 'e': unreferenced local variable
C:\Users\d4f474\Desktop\Домашни ТУ Варна\2ро домашно\Simulator\Simulator\Source.cpp(1203,31): warning C4101: 'e': unreferenced local variable
C:\Users\d4f474\Desktop\Домашни ТУ Варна\2ро домашно\Simulator\Simulator\Source.cpp(1211,35): warning C4101: 'e': unreferenced local variable
C:\Users\d4f474\Desktop\Домашни ТУ Варна\2ро домашно\Simulator\Simulator\Source.cpp(1214,31): warning C4101: 'e': unreferenced local variable
C:\Users\d4f474\Desktop\Домашни ТУ Варна\2ро домашно\Simulator\Simulator\Source.cpp(1222,35): warning C4101: 'e': unreferenced local variable
C:\Users\d4f474\Desktop\Домашни ТУ Варна\2ро домашно\Simulator\Simulator\Source.cpp(1225,31): warning C4101: 'e': unreferenced local variable
C:\Users\d4f474\Desktop\Домашни ТУ Варна\2ро домашно\Simulator\Simulator\Source.cpp(1233,35): warning C4101: 'e': unreferenced local variable
C:\Users\d4f474\Desktop\Домашни ТУ Варна\2ро домашно\Simulator\Simulator\Source.cpp(1236,31): warning C4101: 'e': unreferenced local variable
C:\Users\d4f474\Desktop\Домашни ТУ Варна\2ро домашно\Simulator\Simulator\Source.cpp(1248,35): warning C4101: 'e': unreferenced local variable
C:\Users\d4f474\Desktop\Домашни ТУ Варна\2ро домашно\Simulator\Simulator\Source.cpp(1252,31): warning C4101: 'e': unreferenced local variable
C:\Users\d4f474\Desktop\Домашни ТУ Варна\2ро домашно\Simulator\Simulator\Source.cpp(1261,35): warning C4101: 'e': unreferenced local variable
C:\Users\d4f474\Desktop\Домашни ТУ Варна\2ро домашно\Simulator\Simulator\Source.cpp(1264,31): warning C4101: 'e': unreferenced local variable
C:\Users\d4f474\Desktop\Домашни ТУ Варна\2ро домашно\Simulator\Simulator\Source.cpp(1272,35): warning C4101: 'e': unreferenced local variable
C:\Users\d4f474\Desktop\Домашни ТУ Варна\2ро домашно\Simulator\Simulator\Source.cpp(1275,31): warning C4101: 'e': unreferenced local variable
C:\Users\d4f474\Desktop\Домашни ТУ Варна\2ро домашно\Simulator\Simulator\Source.cpp(1283,35): warning C4101: 'e': unreferenced local variable
C:\Users\d4f474\Desktop\Домашни ТУ Варна\2ро домашно\Simulator\Simulator\Source.cpp(1286,31): warning C4101: 'e': unreferenced local variable
C:\Users\d4f474\Desktop\Домашни ТУ Варна\2ро домашно\Simulator\Simulator\Source.cpp(1294,35): warning C4101: 'e': unreferenced local variable
C:\Users\d4f474\Desktop\Домашни ТУ Варна\2ро домашно\Simulator\Simulator\Source.cpp(1297,31): warning C4101: 'e': unreferenced local variable
C:\Users\d4f474\Desktop\Домашни ТУ Варна\2ро домашно\Simulator\Simulator\Source.cpp(1305,35): warning C4101: 'e': unreferenced local variable
C:\Users\d4f474\Desktop\Домашни ТУ Варна\2ро домашно\Simulator\Simulator\Source.cpp(1308,31): warning C4101: 'e': unreferenced local variable
C:\Users\d4f474\Desktop\Домашни ТУ Варна\2ро домашно\Simulator\Simulator\Source.cpp(1316,35): warning C4101: 'e': unreferenced local variable
C:\Users\d4f474\Desktop\Домашни ТУ Варна\2ро домашно\Simulator\Simulator\Source.cpp(1319,31): warning C4101: 'e': unreferenced local variable
C:\Users\d4f474\Desktop\Домашни ТУ Варна\2ро домашно\Simulator\Simulator\Source.cpp(1327,35): warning C4101: 'e': unreferenced local variable
C:\Users\d4f474\Desktop\Домашни ТУ Варна\2ро домашно\Simulator\Simulator\Source.cpp(1330,31): warning C4101: 'e': unreferenced local variable
C:\Users\d4f474\Desktop\Домашни ТУ Варна\2ро домашно\Simulator\Simulator\Source.cpp(1338,35): warning C4101: 'e': unreferenced local variable
C:\Users\d4f474\Desktop\Домашни ТУ Варна\2ро домашно\Simulator\Simulator\Source.cpp(1341,31): warning C4101: 'e': unreferenced local variable
C:\Users\d4f474\Desktop\Домашни ТУ Варна\2ро домашно\Simulator\Simulator\Source.cpp(1349,35): warning C4101: 'e': unreferenced local variable
C:\Users\d4f474\Desktop\Домашни ТУ Варна\2ро домашно\Simulator\Simulator\Source.cpp(1352,31): warning C4101: 'e': unreferenced local variable
C:\Users\d4f474\Desktop\Домашни ТУ Варна\2ро домашно\Simulator\Simulator\Source.cpp(1360,35): warning C4101: 'e': unreferenced local variable
C:\Users\d4f474\Desktop\Домашни ТУ Варна\2ро домашно\Simulator\Simulator\Source.cpp(1363,31): warning C4101: 'e': unreferenced local variable
C:\Users\d4f474\Desktop\Домашни ТУ Варна\2ро домашно\Simulator\Simulator\Source.cpp(1371,35): warning C4101: 'e': unreferenced local variable
C:\Users\d4f474\Desktop\Домашни ТУ Варна\2ро домашно\Simulator\Simulator\Source.cpp(1374,31): warning C4101: 'e': unreferenced local variable
C:\Users\d4f474\Desktop\Домашни ТУ Варна\2ро домашно\Simulator\Simulator\Source.cpp(1382,35): warning C4101: 'e': unreferenced local variable
C:\Users\d4f474\Desktop\Домашни ТУ Варна\2ро домашно\Simulator\Simulator\Source.cpp(1385,31): warning C4101: 'e': unreferenced local variable
C:\Users\d4f474\Desktop\Домашни ТУ Варна\2ро домашно\Simulator\Simulator\Source.cpp(1396,35): warning C4101: 'e': unreferenced local variable
C:\Users\d4f474\Desktop\Домашни ТУ Варна\2ро домашно\Simulator\Simulator\Source.cpp(1400,31): warning C4101: 'e': unreferenced local variable
C:\Users\d4f474\Desktop\Домашни ТУ Варна\2ро домашно\Simulator\Simulator\Source.cpp(1408,35): warning C4101: 'e': unreferenced local variable
C:\Users\d4f474\Desktop\Домашни ТУ Варна\2ро домашно\Simulator\Simulator\Source.cpp(1411,31): warning C4101: 'e': unreferenced local variable
C:\Users\d4f474\Desktop\Домашни ТУ Варна\2ро домашно\Simulator\Simulator\Source.cpp(1419,35): warning C4101: 'e': unreferenced local variable
C:\Users\d4f474\Desktop\Домашни ТУ Варна\2ро домашно\Simulator\Simulator\Source.cpp(1422,31): warning C4101: 'e': unreferenced local variable
C:\Users\d4f474\Desktop\Домашни ТУ Варна\2ро домашно\Simulator\Simulator\Source.cpp(1430,35): warning C4101: 'e': unreferenced local variable
C:\Users\d4f474\Desktop\Домашни ТУ Варна\2ро домашно\Simulator\Simulator\Source.cpp(1433,31): warning C4101: 'e': unreferenced local variable
C:\Users\d4f474\Desktop\Домашни ТУ Варна\2ро домашно\Simulator\Simulator\Source.cpp(1441,35): warning C4101: 'e': unreferenced local variable
C:\Users\d4f474\Desktop\Домашни ТУ Варна\2ро домашно\Simulator\Simulator\Source.cpp(1444,31): warning C4101: 'e': unreferenced local variable
C:\Users\d4f474\Desktop\Домашни ТУ Варна\2ро домашно\Simulator\Simulator\Source.cpp(1452,35): warning C4101: 'e': unreferenced local variable
C:\Users\d4f474\Desktop\Домашни ТУ Варна\2ро домашно\Simulator\Simulator\Source.cpp(1455,31): warning C4101: 'e': unreferenced local variable
C:\Users\d4f474\Desktop\Домашни ТУ Варна\2ро домашно\Simulator\Simulator\Source.cpp(1463,35): warning C4101: 'e': unreferenced local variable
C:\Users\d4f474\Desktop\Домашни ТУ Варна\2ро домашно\Simulator\Simulator\Source.cpp(1466,31): warning C4101: 'e': unreferenced local variable
C:\Users\d4f474\Desktop\Домашни ТУ Варна\2ро домашно\Simulator\Simulator\Source.cpp(1474,35): warning C4101: 'e': unreferenced local variable
C:\Users\d4f474\Desktop\Домашни ТУ Варна\2ро домашно\Simulator\Simulator\Source.cpp(1477,31): warning C4101: 'e': unreferenced local variable
C:\Users\d4f474\Desktop\Домашни ТУ Варна\2ро домашно\Simulator\Simulator\Source.cpp(1485,35): warning C4101: 'e': unreferenced local variable
C:\Users\d4f474\Desktop\Домашни ТУ Варна\2ро домашно\Simulator\Simulator\Source.cpp(1488,31): warning C4101: 'e': unreferenced local variable
C:\Users\d4f474\Desktop\Домашни ТУ Варна\2ро домашно\Simulator\Simulator\Source.cpp(1496,35): warning C4101: 'e': unreferenced local variable
C:\Users\d4f474\Desktop\Домашни ТУ Варна\2ро домашно\Simulator\Simulator\Source.cpp(1499,31): warning C4101: 'e': unreferenced local variable
C:\Users\d4f474\Desktop\Домашни ТУ Варна\2ро домашно\Simulator\Simulator\Source.cpp(1507,35): warning C4101: 'e': unreferenced local variable
C:\Users\d4f474\Desktop\Домашни ТУ Варна\2ро домашно\Simulator\Simulator\Source.cpp(1510,31): warning C4101: 'e': unreferenced local variable
C:\Users\d4f474\Desktop\Домашни ТУ Варна\2ро домашно\Simulator\Simulator\Source.cpp(1518,35): warning C4101: 'e': unreferenced local variable
C:\Users\d4f474\Desktop\Домашни ТУ Варна\2ро домашно\Simulator\Simulator\Source.cpp(1521,31): warning C4101: 'e': unreferenced local variable
C:\Users\d4f474\Desktop\Домашни ТУ Варна\2ро домашно\Simulator\Simulator\Source.cpp(1529,35): warning C4101: 'e': unreferenced local variable
C:\Users\d4f474\Desktop\Домашни ТУ Варна\2ро домашно\Simulator\Simulator\Source.cpp(1532,31): warning C4101: 'e': unreferenced local variable
C:\Users\d4f474\Desktop\Домашни ТУ Варна\2ро домашно\Simulator\Simulator\Source.cpp(1543,35): warning C4101: 'e': unreferenced local variable
C:\Users\d4f474\Desktop\Домашни ТУ Варна\2ро домашно\Simulator\Simulator\Source.cpp(1547,31): warning C4101: 'e': unreferenced local variable
C:\Users\d4f474\Desktop\Домашни ТУ Варна\2ро домашно\Simulator\Simulator\Source.cpp(1555,35): warning C4101: 'e': unreferenced local variable
C:\Users\d4f474\Desktop\Домашни ТУ Варна\2ро домашно\Simulator\Simulator\Source.cpp(1558,31): warning C4101: 'e': unreferenced local variable
C:\Users\d4f474\Desktop\Домашни ТУ Варна\2ро домашно\Simulator\Simulator\Source.cpp(1566,35): warning C4101: 'e': unreferenced local variable
C:\Users\d4f474\Desktop\Домашни ТУ Варна\2ро домашно\Simulator\Simulator\Source.cpp(1569,31): warning C4101: 'e': unreferenced local variable
C:\Users\d4f474\Desktop\Домашни ТУ Варна\2ро домашно\Simulator\Simulator\Source.cpp(1577,35): warning C4101: 'e': unreferenced local variable
C:\Users\d4f474\Desktop\Домашни ТУ Варна\2ро домашно\Simulator\Simulator\Source.cpp(1580,31): warning C4101: 'e': unreferenced local variable
C:\Users\d4f474\Desktop\Домашни ТУ Варна\2ро домашно\Simulator\Simulator\Source.cpp(1588,35): warning C4101: 'e': unreferenced local variable
C:\Users\d4f474\Desktop\Домашни ТУ Варна\2ро домашно\Simulator\Simulator\Source.cpp(1591,31): warning C4101: 'e': unreferenced local variable
C:\Users\d4f474\Desktop\Домашни ТУ Варна\2ро домашно\Simulator\Simulator\Source.cpp(1599,35): warning C4101: 'e': unreferenced local variable
C:\Users\d4f474\Desktop\Домашни ТУ Варна\2ро домашно\Simulator\Simulator\Source.cpp(1602,31): warning C4101: 'e': unreferenced local variable
C:\Users\d4f474\Desktop\Домашни ТУ Варна\2ро домашно\Simulator\Simulator\Source.cpp(1610,35): warning C4101: 'e': unreferenced local variable
C:\Users\d4f474\Desktop\Домашни ТУ Варна\2ро домашно\Simulator\Simulator\Source.cpp(1613,31): warning C4101: 'e': unreferenced local variable
C:\Users\d4f474\Desktop\Домашни ТУ Варна\2ро домашно\Simulator\Simulator\Source.cpp(1621,35): warning C4101: 'e': unreferenced local variable
C:\Users\d4f474\Desktop\Домашни ТУ Варна\2ро домашно\Simulator\Simulator\Source.cpp(1624,31): warning C4101: 'e': unreferenced local variable
C:\Users\d4f474\Desktop\Домашни ТУ Варна\2ро домашно\Simulator\Simulator\Source.cpp(1632,35): warning C4101: 'e': unreferenced local variable
C:\Users\d4f474\Desktop\Домашни ТУ Варна\2ро домашно\Simulator\Simulator\Source.cpp(1635,31): warning C4101: 'e': unreferenced local variable
C:\Users\d4f474\Desktop\Домашни ТУ Варна\2ро домашно\Simulator\Simulator\Source.cpp(1643,35): warning C4101: 'e': unreferenced local variable
C:\Users\d4f474\Desktop\Домашни ТУ Варна\2ро домашно\Simulator\Simulator\Source.cpp(1646,31): warning C4101: 'e': unreferenced local variable
C:\Users\d4f474\Desktop\Домашни ТУ Варна\2ро домашно\Simulator\Simulator\Source.cpp(1654,35): warning C4101: 'e': unreferenced local variable
C:\Users\d4f474\Desktop\Домашни ТУ Варна\2ро домашно\Simulator\Simulator\Source.cpp(1657,31): warning C4101: 'e': unreferenced local variable
C:\Users\d4f474\Desktop\Домашни ТУ Варна\2ро домашно\Simulator\Simulator\Source.cpp(1665,35): warning C4101: 'e': unreferenced local variable
C:\Users\d4f474\Desktop\Домашни ТУ Варна\2ро домашно\Simulator\Simulator\Source.cpp(1668,31): warning C4101: 'e': unreferenced local variable
C:\Users\d4f474\Desktop\Домашни ТУ Варна\2ро домашно\Simulator\Simulator\Source.cpp(1676,35): warning C4101: 'e': unreferenced local variable
C:\Users\d4f474\Desktop\Домашни ТУ Варна\2ро домашно\Simulator\Simulator\Source.cpp(1679,31): warning C4101: 'e': unreferenced local variable
C:\Users\d4f474\Desktop\Домашни ТУ Варна\2ро домашно\Simulator\Simulator\Source.cpp(1690,35): warning C4101: 'e': unreferenced local variable
C:\Users\d4f474\Desktop\Домашни ТУ Варна\2ро домашно\Simulator\Simulator\Source.cpp(1693,31): warning C4101: 'e': unreferenced local variable
C:\Users\d4f474\Desktop\Домашни ТУ Варна\2ро домашно\Simulator\Simulator\Source.cpp(1701,35): warning C4101: 'e': unreferenced local variable
C:\Users\d4f474\Desktop\Домашни ТУ Варна\2ро домашно\Simulator\Simulator\Source.cpp(1704,31): warning C4101: 'e': unreferenced local variable
C:\Users\d4f474\Desktop\Домашни ТУ Варна\2ро домашно\Simulator\Simulator\Source.cpp(1712,35): warning C4101: 'e': unreferenced local variable
C:\Users\d4f474\Desktop\Домашни ТУ Варна\2ро домашно\Simulator\Simulator\Source.cpp(1715,31): warning C4101: 'e': unreferenced local variable
C:\Users\d4f474\Desktop\Домашни ТУ Варна\2ро домашно\Simulator\Simulator\Source.cpp(1723,35): warning C4101: 'e': unreferenced local variable
C:\Users\d4f474\Desktop\Домашни ТУ Варна\2ро домашно\Simulator\Simulator\Source.cpp(1726,31): warning C4101: 'e': unreferenced local variable
C:\Users\d4f474\Desktop\Домашни ТУ Варна\2ро домашно\Simulator\Simulator\Source.cpp(1734,35): warning C4101: 'e': unreferenced local variable
C:\Users\d4f474\Desktop\Домашни ТУ Варна\2ро домашно\Simulator\Simulator\Source.cpp(1737,31): warning C4101: 'e': unreferenced local variable
C:\Users\d4f474\Desktop\Домашни ТУ Варна\2ро домашно\Simulator\Simulator\Source.cpp(1745,35): warning C4101: 'e': unreferenced local variable
C:\Users\d4f474\Desktop\Домашни ТУ Варна\2ро домашно\Simulator\Simulator\Source.cpp(1748,31): warning C4101: 'e': unreferenced local variable
C:\Users\d4f474\Desktop\Домашни ТУ Варна\2ро домашно\Simulator\Simulator\Source.cpp(1756,35): warning C4101: 'e': unreferenced local variable
C:\Users\d4f474\Desktop\Домашни ТУ Варна\2ро домашно\Simulator\Simulator\Source.cpp(1759,31): warning C4101: 'e': unreferenced local variable
C:\Users\d4f474\Desktop\Домашни ТУ Варна\2ро домашно\Simulator\Simulator\Source.cpp(1767,35): warning C4101: 'e': unreferenced local variable
C:\Users\d4f474\Desktop\Домашни ТУ Варна\2ро домашно\Simulator\Simulator\Source.cpp(1770,31): warning C4101: 'e': unreferenced local variable
C:\Users\d4f474\Desktop\Домашни ТУ Варна\2ро домашно\Simulator\Simulator\Source.cpp(1778,35): warning C4101: 'e': unreferenced local variable
C:\Users\d4f474\Desktop\Домашни ТУ Варна\2ро домашно\Simulator\Simulator\Source.cpp(1781,31): warning C4101: 'e': unreferenced local variable
C:\Users\d4f474\Desktop\Домашни ТУ Варна\2ро домашно\Simulator\Simulator\Source.cpp(1789,35): warning C4101: 'e': unreferenced local variable
C:\Users\d4f474\Desktop\Домашни ТУ Варна\2ро домашно\Simulator\Simulator\Source.cpp(1792,31): warning C4101: 'e': unreferenced local variable
C:\Users\d4f474\Desktop\Домашни ТУ Варна\2ро домашно\Simulator\Simulator\Source.cpp(1800,35): warning C4101: 'e': unreferenced local variable
C:\Users\d4f474\Desktop\Домашни ТУ Варна\2ро домашно\Simulator\Simulator\Source.cpp(1803,31): warning C4101: 'e': unreferenced local variable
C:\Users\d4f474\Desktop\Домашни ТУ Варна\2ро домашно\Simulator\Simulator\Source.cpp(1811,35): warning C4101: 'e': unreferenced local variable
C:\Users\d4f474\Desktop\Домашни ТУ Варна\2ро домашно\Simulator\Simulator\Source.cpp(1814,31): warning C4101: 'e': unreferenced local variable
C:\Users\d4f474\Desktop\Домашни ТУ Варна\2ро домашно\Simulator\Simulator\Source.cpp(1822,35): warning C4101: 'e': unreferenced local variable
C:\Users\d4f474\Desktop\Домашни ТУ Варна\2ро домашно\Simulator\Simulator\Source.cpp(1825,31): warning C4101: 'e': unreferenced local variable
C:\Users\d4f474\Desktop\Домашни ТУ Варна\2ро домашно\Simulator\Simulator\Source.cpp(1836,35): warning C4101: 'e': unreferenced local variable
C:\Users\d4f474\Desktop\Домашни ТУ Варна\2ро домашно\Simulator\Simulator\Source.cpp(1839,31): warning C4101: 'e': unreferenced local variable
C:\Users\d4f474\Desktop\Домашни ТУ Варна\2ро домашно\Simulator\Simulator\Source.cpp(1847,35): warning C4101: 'e': unreferenced local variable
C:\Users\d4f474\Desktop\Домашни ТУ Варна\2ро домашно\Simulator\Simulator\Source.cpp(1850,31): warning C4101: 'e': unreferenced local variable
C:\Users\d4f474\Desktop\Домашни ТУ Варна\2ро домашно\Simulator\Simulator\Source.cpp(1858,35): warning C4101: 'e': unreferenced local variable
C:\Users\d4f474\Desktop\Домашни ТУ Варна\2ро домашно\Simulator\Simulator\Source.cpp(1861,31): warning C4101: 'e': unreferenced local variable
C:\Users\d4f474\Desktop\Домашни ТУ Варна\2ро домашно\Simulator\Simulator\Source.cpp(1869,35): warning C4101: 'e': unreferenced local variable
C:\Users\d4f474\Desktop\Домашни ТУ Варна\2ро домашно\Simulator\Simulator\Source.cpp(1872,31): warning C4101: 'e': unreferenced local variable
C:\Users\d4f474\Desktop\Домашни ТУ Варна\2ро домашно\Simulator\Simulator\Source.cpp(1880,35): warning C4101: 'e': unreferenced local variable
C:\Users\d4f474\Desktop\Домашни ТУ Варна\2ро домашно\Simulator\Simulator\Source.cpp(1883,31): warning C4101: 'e': unreferenced local variable
C:\Users\d4f474\Desktop\Домашни ТУ Варна\2ро домашно\Simulator\Simulator\Source.cpp(1891,35): warning C4101: 'e': unreferenced local variable
C:\Users\d4f474\Desktop\Домашни ТУ Варна\2ро домашно\Simulator\Simulator\Source.cpp(1894,31): warning C4101: 'e': unreferenced local variable
C:\Users\d4f474\Desktop\Домашни ТУ Варна\2ро домашно\Simulator\Simulator\Source.cpp(1902,35): warning C4101: 'e': unreferenced local variable
C:\Users\d4f474\Desktop\Домашни ТУ Варна\2ро домашно\Simulator\Simulator\Source.cpp(1905,31): warning C4101: 'e': unreferenced local variable
C:\Users\d4f474\Desktop\Домашни ТУ Варна\2ро домашно\Simulator\Simulator\Source.cpp(1913,35): warning C4101: 'e': unreferenced local variable
C:\Users\d4f474\Desktop\Домашни ТУ Варна\2ро домашно\Simulator\Simulator\Source.cpp(1916,31): warning C4101: 'e': unreferenced local variable
C:\Users\d4f474\Desktop\Домашни ТУ Варна\2ро домашно\Simulator\Simulator\Source.cpp(1924,35): warning C4101: 'e': unreferenced local variable
C:\Users\d4f474\Desktop\Домашни ТУ Варна\2ро домашно\Simulator\Simulator\Source.cpp(1927,31): warning C4101: 'e': unreferenced local variable
C:\Users\d4f474\Desktop\Домашни ТУ Варна\2ро домашно\Simulator\Simulator\Source.cpp(1935,35): warning C4101: 'e': unreferenced local variable
C:\Users\d4f474\Desktop\Домашни ТУ Варна\2ро домашно\Simulator\Simulator\Source.cpp(1938,31): warning C4101: 'e': unreferenced local variable
C:\Users\d4f474\Desktop\Домашни ТУ Варна\2ро домашно\Simulator\Simulator\Source.cpp(1946,35): warning C4101: 'e': unreferenced local variable
C:\Users\d4f474\Desktop\Домашни ТУ Варна\2ро домашно\Simulator\Simulator\Source.cpp(1949,31): warning C4101: 'e': unreferenced local variable
C:\Users\d4f474\Desktop\Домашни ТУ Варна\2ро домашно\Simulator\Simulator\Source.cpp(1957,35): warning C4101: 'e': unreferenced local variable
C:\Users\d4f474\Desktop\Домашни ТУ Варна\2ро домашно\Simulator\Simulator\Source.cpp(1960,31): warning C4101: 'e': unreferenced local variable
C:\Users\d4f474\Desktop\Домашни ТУ Варна\2ро домашно\Simulator\Simulator\Source.cpp(1968,35): warning C4101: 'e': unreferenced local variable
C:\Users\d4f474\Desktop\Домашни ТУ Варна\2ро домашно\Simulator\Simulator\Source.cpp(1971,31): warning C4101: 'e': unreferenced local variable
C:\Users\d4f474\Desktop\Домашни ТУ Варна\2ро домашно\Simulator\Simulator\Source.cpp(2006,37): warning C4244: '=': conversion from 'double' to 'float', possible loss of data
C:\Users\d4f474\Desktop\Домашни ТУ Варна\2ро домашно\Simulator\Simulator\Source.cpp(2008,38): warning C4244: '=': conversion from 'double' to 'float', possible loss of data
C:\Users\d4f474\Desktop\Домашни ТУ Варна\2ро домашно\Simulator\Simulator\Source.cpp(2010,39): warning C4244: '=': conversion from 'double' to 'float', possible loss of data
C:\Users\d4f474\Desktop\Домашни ТУ Варна\2ро домашно\Simulator\Simulator\Source.cpp(2011,39): warning C4244: '=': conversion from 'double' to 'float', possible loss of data
C:\Users\d4f474\Desktop\Домашни ТУ Варна\2ро домашно\Simulator\Simulator\Source.cpp(2013,38): warning C4244: '=': conversion from 'double' to 'float', possible loss of data
C:\Users\d4f474\Desktop\Домашни ТУ Варна\2ро домашно\Simulator\Simulator\Source.cpp(2015,39): warning C4244: '=': conversion from 'double' to 'float', possible loss of data
C:\Users\d4f474\Desktop\Домашни ТУ Варна\2ро домашно\Simulator\Simulator\Source.cpp(2016,39): warning C4244: '=': conversion from 'double' to 'float', possible loss of data
C:\Users\d4f474\Desktop\Домашни ТУ Варна\2ро домашно\Simulator\Simulator\Source.cpp(2018,39): warning C4244: '=': conversion from 'double' to 'float', possible loss of data
C:\Users\d4f474\Desktop\Домашни ТУ Варна\2ро домашно\Simulator\Simulator\Source.cpp(2020,38): warning C4244: '=': conversion from 'double' to 'float', possible loss of data
C:\Users\d4f474\Desktop\Домашни ТУ Варна\2ро домашно\Simulator\Simulator\Source.cpp(2022,38): warning C4244: '=': conversion from 'double' to 'float', possible loss of data
C:\Users\d4f474\Desktop\Домашни ТУ Варна\2ро домашно\Simulator\Simulator\Source.cpp(2024,645): warning C4244: '=': conversion from 'double' to 'float', possible loss of data
  Generating Code...
C:\Users\d4f474\Desktop\Домашни ТУ Варна\2ро домашно\Simulator\Simulator\Source.cpp(2406): warning C4715: 'possesionHome': not all control paths return a value
C:\Users\d4f474\Desktop\Домашни ТУ Варна\2ро домашно\Simulator\Simulator\Source.cpp(2806): warning C4715: 'possesionAway': not all control paths return a value
  Simulator.vcxproj -> C:\Users\d4f474\Desktop\Домашни ТУ Варна\2ро домашно\Simulator\x64\Debug\Simulator.exe
